<?xml version="1.0" encoding="UTF-8"?>
<!-- Generated by org.testng.reporters.JUnitReportReporter -->
<testsuite hostname="INHYDLDSINGH2" failures="0" tests="1" name="test.TestClass" time="102.091" errors="0" timestamp="2022-06-06T17:47:40 IST" skipped="0">
  <testcase classname="test.TestClass" name="testManifest" time="102.091"/>
  <system-out/>
</testsuite> <!-- test.TestClass -->
