<?xml version="1.0" encoding="UTF-8"?>
<!-- Generated by org.testng.reporters.JUnitReportReporter -->
<testsuite hostname="INHYDLDSINGH2" failures="0" tests="1" name="test.DriverClass" time="48.934" errors="0" timestamp="2022-08-24T11:21:55 IST" skipped="0">
  <testcase classname="test.DriverClass" name="setup" time="48.934"/>
  <system-out/>
</testsuite> <!-- test.DriverClass -->
