<?xml version="1.0" encoding="UTF-8"?>
<!-- Generated by org.testng.reporters.JUnitReportReporter -->
<testsuite hostname="INHYDLDSINGH2" failures="0" tests="2" name="air.TestE2E" time="1065.632" errors="0" timestamp="2022-11-09T12:41:18 IST" skipped="0">
  <testcase classname="air.TestE2E" name="testManifest" time="250.357"/>
  <system-out/>
  <testcase classname="air.TestE2E" name="testBayan" time="815.275"/>
  <system-out/>
</testsuite> <!-- air.TestE2E -->
