<?xml version="1.0" encoding="UTF-8"?>
<!-- Generated by org.testng.reporters.JUnitReportReporter -->
<testsuite hostname="INHYDLDSINGH2" failures="0" tests="1" name="test.DriverClass" time="18.858" errors="0" timestamp="2022-06-10T14:38:50 IST" skipped="0">
  <testcase classname="test.DriverClass" name="setup" time="18.858"/>
  <system-out/>
</testsuite> <!-- test.DriverClass -->
