<?xml version="1.0" encoding="UTF-8"?>
<!-- Generated by org.testng.reporters.JUnitReportReporter -->
<testsuite hostname="INHYDLDSINGH2" failures="0" tests="1" name="air.DeclarationTest" time="57.103" errors="0" timestamp="2022-10-13T11:39:51 IST" skipped="0">
  <testcase classname="air.DeclarationTest" name="testBayan" time="57.103"/>
  <system-out/>
</testsuite> <!-- air.DeclarationTest -->
