<?xml version="1.0" encoding="UTF-8"?>
<!-- Generated by org.testng.reporters.JUnitReportReporter -->
<testsuite hostname="INHYDLDSINGH2" failures="0" tests="1" name="air.GCSReceipt" time="119.789" errors="0" timestamp="2022-12-02T18:06:56 IST" skipped="0">
  <testcase classname="air.GCSReceipt" name="testBayanIssuanceFee" time="119.789"/>
  <system-out/>
</testsuite> <!-- air.GCSReceipt -->
