<?xml version="1.0" encoding="UTF-8"?>
<!-- Generated by org.testng.reporters.JUnitReportReporter -->
<testsuite hostname="INHYDLDSINGH2" failures="0" tests="5" name="air.TestImportCargo" time="135.068" errors="0" timestamp="2022-06-29T11:37:48 IST" skipped="0">
  <testcase classname="air.TestImportCargo" name="testCreateManifest" time="26.736"/>
  <system-out/>
  <testcase classname="air.TestImportCargo" name="testCreateCargoHBL" time="45.966"/>
  <system-out/>
  <testcase classname="air.TestImportCargo" name="testSubmitManifest" time="13.626"/>
  <system-out/>
  <testcase classname="air.TestImportCargo" name="testApproveManifest" time="27.559"/>
  <system-out/>
  <testcase classname="air.TestImportCargo" name="testIssueDO" time="21.181"/>
  <system-out/>
</testsuite> <!-- air.TestImportCargo -->
