<?xml version="1.0" encoding="UTF-8"?>
<!-- Generated by org.testng.reporters.JUnitReportReporter -->
<testsuite hostname="INHYDLDSINGH2" failures="0" tests="1" name="air.TestAuditApprove" time="302.367" errors="0" timestamp="2022-12-12T17:11:59 IST" skipped="0">
  <testcase classname="air.TestAuditApprove" name="approveAudit" time="302.367"/>
  <system-out/>
</testsuite> <!-- air.TestAuditApprove -->
