<?xml version="1.0" encoding="UTF-8"?>
<!-- Generated by org.testng.reporters.JUnitReportReporter -->
<testsuite hostname="INHYDLDSINGH2" failures="0" tests="5" name="sea.TestImportCargo" time="681.878" errors="0" timestamp="2022-12-05T14:33:45 IST" skipped="0">
  <testcase classname="sea.TestImportCargo" name="testCreateManifest" time="126.197"/>
  <system-out/>
  <testcase classname="sea.TestImportCargo" name="testCreateHBLCargo" time="262.319"/>
  <system-out/>
  <testcase classname="sea.TestImportCargo" name="testSubmitManifest" time="118.020"/>
  <system-out/>
  <testcase classname="sea.TestImportCargo" name="submitVesselInspection" time="51.403"/>
  <system-out/>
  <testcase classname="sea.TestImportCargo" name="arriveManifest" time="123.939"/>
  <system-out/>
</testsuite> <!-- sea.TestImportCargo -->
