<?xml version="1.0" encoding="UTF-8"?>
<!-- Generated by org.testng.reporters.JUnitReportReporter -->
<testsuite hostname="INHYDLDSINGH2" failures="0" tests="3" name="land.TestImportCargo" time="315.028" errors="0" timestamp="2022-06-11T23:42:40 IST" skipped="0">
  <testcase classname="land.TestImportCargo" name="testCreateManifest" time="72.536"/>
  <system-out/>
  <testcase classname="land.TestImportCargo" name="testCreateHBLCargo" time="122.318"/>
  <system-out/>
  <testcase classname="land.TestImportCargo" name="testSubmitAndArriveManifest" time="120.174"/>
  <system-out/>
</testsuite> <!-- land.TestImportCargo -->
