<?xml version="1.0" encoding="UTF-8"?>
<!-- Generated by org.testng.reporters.JUnitReportReporter -->
<testsuite hostname="INHYDLDSINGH2" failures="0" tests="5" name="air.TestImportCargo" time="373.081" errors="0" timestamp="2022-06-11T23:34:43 IST" skipped="0">
  <testcase classname="air.TestImportCargo" name="testCreateManifest" time="77.977"/>
  <system-out/>
  <testcase classname="air.TestImportCargo" name="testCreateCargoHBL" time="132.983"/>
  <system-out/>
  <testcase classname="air.TestImportCargo" name="testSubmitManifest" time="37.308"/>
  <system-out/>
  <testcase classname="air.TestImportCargo" name="testApproveManifest" time="71.518"/>
  <system-out/>
  <testcase classname="air.TestImportCargo" name="testIssueDO" time="53.295"/>
  <system-out/>
</testsuite> <!-- air.TestImportCargo -->
