<?xml version="1.0" encoding="UTF-8"?>
<!-- Generated by org.testng.reporters.JUnitReportReporter -->
<testsuite hostname="INHYDLDSINGH2" failures="0" tests="5" name="land.TestImportCargo" time="847.496" errors="0" timestamp="2022-06-09T14:58:38 IST" skipped="0">
  <testcase classname="land.TestImportCargo" name="testCreateManifest" time="104.784"/>
  <system-out/>
  <testcase classname="land.TestImportCargo" name="testCreateHBLCargo" time="165.656"/>
  <system-out/>
  <testcase classname="land.TestImportCargo" name="testCreateHBLPassenger" time="211.413"/>
  <system-out/>
  <testcase classname="land.TestImportCargo" name="testCreateHBLBWH" time="208.541"/>
  <system-out/>
  <testcase classname="land.TestImportCargo" name="testSubmitAndArriveManifest" time="157.102"/>
  <system-out/>
</testsuite> <!-- land.TestImportCargo -->
