<?xml version="1.0" encoding="UTF-8"?>
<!-- Generated by org.testng.reporters.JUnitReportReporter -->
<testsuite hostname="INHYDLDSINGH2" failures="0" tests="1" name="air.DeclarationTest" time="105.759" errors="0" timestamp="2022-11-08T18:40:58 IST" skipped="0">
  <testcase classname="air.DeclarationTest" name="testBayan" time="105.759"/>
  <system-out/>
</testsuite> <!-- air.DeclarationTest -->
