<?xml version="1.0" encoding="UTF-8"?>
<!-- Generated by org.testng.reporters.JUnitReportReporter -->
<testsuite hostname="INHYDLDSINGH2" failures="0" tests="1" name="confiscation.testConfiscation" time="44.057" errors="0" timestamp="2022-11-01T13:17:52 IST" skipped="0">
  <testcase classname="confiscation.testConfiscation" name="createConfiscation" time="44.057"/>
  <system-out/>
</testsuite> <!-- confiscation.testConfiscation -->
