<?xml version="1.0" encoding="UTF-8"?>
<!-- Generated by org.testng.reporters.JUnitReportReporter -->
<testsuite hostname="INHYDLDSINGH2" failures="0" tests="7" name="sea.TestImportCargo" time="336.124" errors="0" timestamp="2022-06-08T13:38:24 IST" skipped="0">
  <testcase classname="sea.TestImportCargo" name="testCreateManifest" time="47.846"/>
  <system-out/>
  <testcase classname="sea.TestImportCargo" name="testCreateCargoHBL" time="70.521"/>
  <system-out/>
  <testcase classname="sea.TestImportCargo" name="testCreatePassengerHBL" time="72.460"/>
  <system-out/>
  <testcase classname="sea.TestImportCargo" name="testCreateBWHHBL" time="70.752"/>
  <system-out/>
  <testcase classname="sea.TestImportCargo" name="testSubmitManifest" time="22.298"/>
  <system-out/>
  <testcase classname="sea.TestImportCargo" name="submitVesselInspection" time="22.436"/>
  <system-out/>
  <testcase classname="sea.TestImportCargo" name="arriveManifest" time="29.811"/>
  <system-out/>
</testsuite> <!-- sea.TestImportCargo -->
