<?xml version="1.0" encoding="UTF-8"?>
<!-- Generated by org.testng.reporters.JUnitReportReporter -->
<testsuite hostname="INHYDLDSINGH2" failures="0" tests="7" name="test.TestCargo" time="330.433" errors="0" timestamp="2022-06-07T12:45:36 IST" skipped="0">
  <testcase classname="test.TestCargo" name="testCreateManifest" time="41.092"/>
  <system-out/>
  <testcase classname="test.TestCargo" name="testCreateCargoHBL" time="77.749"/>
  <system-out/>
  <testcase classname="test.TestCargo" name="testCreatePassengerHBL" time="62.184"/>
  <system-out/>
  <testcase classname="test.TestCargo" name="testCreateBWHHBL" time="60.494"/>
  <system-out/>
  <testcase classname="test.TestCargo" name="testSubmitManifest" time="18.309"/>
  <system-out/>
  <testcase classname="test.TestCargo" name="testApproveManifest" time="36.656"/>
  <system-out/>
  <testcase classname="test.TestCargo" name="testIssueDO" time="33.949"/>
  <system-out/>
</testsuite> <!-- test.TestCargo -->
