<?xml version="1.0" encoding="UTF-8"?>
<!-- Generated by org.testng.reporters.JUnitReportReporter -->
<testsuite hostname="INHYDLDSINGH2" failures="0" tests="1" name="air.TestInspection" time="32.265" errors="0" timestamp="2022-11-09T16:06:17 IST" skipped="0">
  <testcase classname="air.TestInspection" name="completeInspection" time="32.265"/>
  <system-out/>
</testsuite> <!-- air.TestInspection -->
