<?xml version="1.0" encoding="UTF-8"?>
<!-- Generated by org.testng.reporters.JUnitReportReporter -->
<testsuite hostname="INHYDLDSINGH2" failures="0" tests="3" name="sea.TestE2E" time="192.939" errors="0" timestamp="2022-06-08T13:03:53 IST" skipped="0">
  <testcase classname="sea.TestE2E" name="testManifest" time="145.363"/>
  <system-out/>
  <testcase classname="sea.TestE2E" name="submitVesselInspection" time="21.955"/>
  <system-out/>
  <testcase classname="sea.TestE2E" name="arriveManifest" time="25.621"/>
  <system-out/>
</testsuite> <!-- sea.TestE2E -->
