<?xml version="1.0" encoding="UTF-8"?>
<!-- Generated by org.testng.reporters.JUnitReportReporter -->
<testsuite hostname="INHYDLDSINGH2" failures="0" tests="1" name="test.CargoTest" time="275.358" errors="0" timestamp="2022-05-18T15:32:56 IST" skipped="0">
  <testcase classname="test.CargoTest" name="testManifest" time="275.358"/>
  <system-out/>
</testsuite> <!-- test.CargoTest -->
