<?xml version="1.0" encoding="UTF-8"?>
<!-- Generated by org.testng.reporters.JUnitReportReporter -->
<testsuite hostname="INHYDLDSINGH2" failures="0" tests="2" name="air.TestE2E" time="666.528" errors="0" timestamp="2022-10-13T11:52:41 IST" skipped="0">
  <testcase classname="air.TestE2E" name="testManifest" time="365.814"/>
  <system-out/>
  <testcase classname="air.TestE2E" name="testBayan" time="300.714"/>
  <system-out/>
</testsuite> <!-- air.TestE2E -->
