<?xml version="1.0" encoding="UTF-8"?>
<!-- Generated by org.testng.reporters.JUnitReportReporter -->
<testsuite hostname="INHYDLDSINGH2" failures="0" tests="1" name="test.TestClass" time="48.183" errors="0" timestamp="2022-05-21T18:34:04 IST" skipped="0">
  <testcase classname="test.TestClass" name="testBayan" time="48.183"/>
  <system-out/>
</testsuite> <!-- test.TestClass -->
