<?xml version="1.0" encoding="UTF-8"?>
<!-- Generated by org.testng.reporters.JUnitReportReporter -->
<testsuite hostname="INHYDLDSINGH2" failures="0" tests="5" name="air.CargoTest" time="379.234" errors="0" timestamp="2022-12-02T18:46:23 IST" skipped="0">
  <testcase classname="air.CargoTest" name="testCreateManifest" time="72.771"/>
  <system-out/>
  <testcase classname="air.CargoTest" name="testCreateHBItems" time="69.466"/>
  <system-out/>
  <testcase classname="air.CargoTest" name="testSubmitManifest" time="60.821"/>
  <system-out/>
  <testcase classname="air.CargoTest" name="testApproveManifest" time="88.914"/>
  <system-out/>
  <testcase classname="air.CargoTest" name="testIssueDO" time="87.262"/>
  <system-out/>
</testsuite> <!-- air.CargoTest -->
