<?xml version="1.0" encoding="UTF-8"?>
<!-- Generated by org.testng.reporters.JUnitReportReporter -->
<testsuite hostname="INHYDLDSINGH2" failures="0" tests="2" name="test.CargoTest" time="119.736" errors="0" timestamp="2022-05-17T21:00:00 IST" skipped="0">
  <testcase classname="test.CargoTest" name="testLogin_ValidUser" time="14.662"/>
  <system-out/>
  <testcase classname="test.CargoTest" name="testManifest" time="105.074"/>
  <system-out/>
</testsuite> <!-- test.CargoTest -->
