<?xml version="1.0" encoding="UTF-8"?>
<!-- Generated by org.testng.reporters.JUnitReportReporter -->
<testsuite hostname="INHYDLDSINGH2" failures="0" tests="5" name="sea.TestImportCargo" time="283.990" errors="0" timestamp="2022-06-29T16:13:33 IST" skipped="0">
  <testcase classname="sea.TestImportCargo" name="testCreateManifest" time="74.358"/>
  <system-out/>
  <testcase classname="sea.TestImportCargo" name="testCreateHBLCargo" time="98.054"/>
  <system-out/>
  <testcase classname="sea.TestImportCargo" name="testSubmitManifest" time="34.061"/>
  <system-out/>
  <testcase classname="sea.TestImportCargo" name="submitVesselInspection" time="33.107"/>
  <system-out/>
  <testcase classname="sea.TestImportCargo" name="arriveManifest" time="44.410"/>
  <system-out/>
</testsuite> <!-- sea.TestImportCargo -->
